<?xml version="1.0" encoding="UTF-8"?>
<!-- Generated by org.testng.reporters.JUnitReportReporter -->
<testsuite hostname="Sezan" failures="0" tests="1" name="com.nextmaven.USA.RGPS" time="9.223" errors="0" timestamp="2023-08-27T19:33:17 CDT" skipped="0">
  <testcase classname="com.nextmaven.USA.RGPS" name="Z" time="9.223"/>
</testsuite> <!-- com.nextmaven.USA.RGPS -->
