<?xml version="1.0" encoding="UTF-8"?>
<!-- Generated by org.testng.reporters.JUnitReportReporter -->
<testsuite hostname="Sezan" failures="0" tests="1" name="com.nextmaven.USA.Browser" time="4.276" errors="0" timestamp="2023-08-23T20:10:48 CDT" skipped="0">
  <testcase classname="com.nextmaven.USA.Browser" name="TX" time="4.276"/>
</testsuite> <!-- com.nextmaven.USA.Browser -->
