<?xml version="1.0" encoding="UTF-8"?>
<!-- Generated by org.testng.reporters.JUnitReportReporter -->
<testsuite hostname="Sezan" failures="0" tests="1" name="com.nextmaven.USA.TacoBell" time="15.731" errors="0" timestamp="2023-08-27T19:09:36 CDT" skipped="0">
  <testcase classname="com.nextmaven.USA.TacoBell" name="Z" time="15.731"/>
</testsuite> <!-- com.nextmaven.USA.TacoBell -->
