<?xml version="1.0" encoding="UTF-8"?>
<!-- Generated by org.testng.reporters.JUnitReportReporter -->
<testsuite hostname="Sezan" failures="0" tests="1" name="com.nextmaven.USA.SearchBox" time="8.068" errors="0" timestamp="2023-08-26T15:43:02 CDT" skipped="0">
  <testcase classname="com.nextmaven.USA.SearchBox" name="Z" time="8.068"/>
</testsuite> <!-- com.nextmaven.USA.SearchBox -->
