<?xml version="1.0" encoding="UTF-8"?>
<!-- Generated by org.testng.reporters.JUnitReportReporter -->
<testsuite hostname="Sezan" failures="0" tests="1" name="com.nextmaven.USA.Amazon" time="27.642" errors="0" timestamp="2023-08-26T18:05:18 CDT" skipped="0">
  <testcase classname="com.nextmaven.USA.Amazon" name="Z" time="27.642"/>
</testsuite> <!-- com.nextmaven.USA.Amazon -->
