<?xml version="1.0" encoding="UTF-8"?>
<!-- Generated by org.testng.reporters.JUnitReportReporter -->
<testsuite hostname="Sezan" failures="0" tests="1" name="com.nextmaven.USA.Link_Text" time="19.239" errors="0" timestamp="2023-08-26T15:00:08 CDT" skipped="0">
  <testcase classname="com.nextmaven.USA.Link_Text" name="Htown" time="19.239"/>
</testsuite> <!-- com.nextmaven.USA.Link_Text -->
