<?xml version="1.0" encoding="UTF-8"?>
<!-- Generated by org.testng.reporters.JUnitReportReporter -->
<testsuite hostname="Sezan" failures="0" tests="1" name="com.nextmaven.USA.NewTab" time="25.207" errors="0" timestamp="2023-08-27T18:37:39 CDT" skipped="0">
  <testcase classname="com.nextmaven.USA.NewTab" name="Z" time="25.207"/>
</testsuite> <!-- com.nextmaven.USA.NewTab -->
