<?xml version="1.0" encoding="UTF-8"?>
<!-- Generated by org.testng.reporters.JUnitReportReporter -->
<testsuite hostname="Sezan" failures="0" tests="1" name="com.nextmaven.USA.happy" time="26.697" errors="0" timestamp="2023-08-26T14:53:02 CDT" skipped="0">
  <testcase classname="com.nextmaven.USA.happy" name="TX" time="26.697"/>
</testsuite> <!-- com.nextmaven.USA.happy -->
