<?xml version="1.0" encoding="UTF-8"?>
<!-- Generated by org.testng.reporters.JUnitReportReporter -->
<testsuite hostname="Sezan" failures="0" tests="1" name="com.nextmaven.USA.Booking" time="14.838" errors="0" timestamp="2023-08-26T18:28:23 CDT" skipped="0">
  <testcase classname="com.nextmaven.USA.Booking" name="Z" time="14.838"/>
</testsuite> <!-- com.nextmaven.USA.Booking -->
