<?xml version="1.0" encoding="UTF-8"?>
<!-- Generated by org.testng.reporters.JUnitReportReporter -->
<testsuite hostname="Sezan" failures="0" tests="1" name="com.nextmaven.USA.testclass2" time="19.882" errors="0" timestamp="2023-08-26T14:05:10 CDT" skipped="0">
  <testcase classname="com.nextmaven.USA.testclass2" name="TX" time="19.882"/>
</testsuite> <!-- com.nextmaven.USA.testclass2 -->
