<?xml version="1.0" encoding="UTF-8"?>
<!-- Generated by org.testng.reporters.JUnitReportReporter -->
<testsuite hostname="Sezan" failures="0" tests="1" name="com.nextmaven.USA.Youtube" time="21.749" errors="0" timestamp="2023-08-27T13:13:34 CDT" skipped="0">
  <testcase classname="com.nextmaven.USA.Youtube" name="Z" time="21.749"/>
</testsuite> <!-- com.nextmaven.USA.Youtube -->
