<?xml version="1.0" encoding="UTF-8"?>
<!-- Generated by org.testng.reporters.JUnitReportReporter -->
<testsuite hostname="Sezan" failures="0" tests="1" name="com.nextmaven.USA.NewTest" time="0.012" errors="0" timestamp="2023-08-19T17:10:40 CDT" skipped="0">
  <testcase classname="com.nextmaven.USA.NewTest" name="f" time="0.012"/>
</testsuite> <!-- com.nextmaven.USA.NewTest -->
